<?xml version="1.0" encoding="UTF-8"?>
<robot generator="Robot 6.1.1 (Python 3.7.5 on win32)" generated="20231006 17:10:59.579" rpa="false" schemaversion="4">
<suite id="s1" name="searchPage.test" source="C:\Users\patri\OneDrive\Documentos\Pati\TesteRobotFramework\WebTesting\searchPage.test.robot">
<test id="s1-t1" name="Cenário: Busca por iphone" line="9">
<kw name="Start Test" library="hooksCommons.page" type="SETUP">
<kw name="Open Browser" library="SeleniumLibrary">
<arg>${BASE_URL}</arg>
<arg>${BROWSER}</arg>
<doc>Opens a new browser instance to the optional ``url``.</doc>
<msg timestamp="20231006 17:10:59.830" level="INFO">Opening browser 'chrome' to base url 'https://www.kabum.com.br/'.</msg>
<status status="PASS" starttime="20231006 17:10:59.830" endtime="20231006 17:11:05.216"/>
</kw>
<status status="PASS" starttime="20231006 17:10:59.830" endtime="20231006 17:11:05.216"/>
</kw>
<kw name="Dado que o usuário busque por iphone na barra de pesquisa" library="searchPage.page">
<kw name="Input Text" library="SeleniumLibrary">
<arg>id=${BARRA_PESQUISA}</arg>
<arg>text=${PESQUISA_PRODUTO}</arg>
<doc>Types the given ``text`` into the text field identified by ``locator``.</doc>
<msg timestamp="20231006 17:11:05.219" level="INFO">Typing text 'iPhone' into text field 'id=input-busca'.</msg>
<status status="PASS" starttime="20231006 17:11:05.216" endtime="20231006 17:11:05.855"/>
</kw>
<status status="PASS" starttime="20231006 17:11:05.216" endtime="20231006 17:11:05.855"/>
</kw>
<kw name="Quando ele clicar no botão de pesquisar" library="searchPage.page">
<kw name="Click Element" library="SeleniumLibrary">
<arg>class=${BOTAO_BUSCAR}</arg>
<doc>Click the element identified by ``locator``.</doc>
<msg timestamp="20231006 17:11:05.857" level="INFO">Clicking element 'class=IconHeaderSearch'.</msg>
<status status="PASS" starttime="20231006 17:11:05.857" endtime="20231006 17:11:09.910"/>
</kw>
<status status="PASS" starttime="20231006 17:11:05.857" endtime="20231006 17:11:09.910"/>
</kw>
<kw name="Então deve retornar ao menos um celular da marca iphone" library="searchPage.page">
<kw name="Page Should Contain Image" library="SeleniumLibrary">
<arg>${IMAGEM_PRODUTO}</arg>
<doc>Verifies image identified by ``locator`` is found from current page.</doc>
<msg timestamp="20231006 17:11:09.940" level="INFO">Current page contains image 'xpath=//img[contains(@class, 'imageCard') and @src='https://images.kabum.com.br/produtos/fotos/486277/iphone-15-apple-128gb-preto-tela-de-6-1-camera-dupla-de-48mp-ios-mtp03be-a_1695657254_m.jpg']'.</msg>
<status status="PASS" starttime="20231006 17:11:09.910" endtime="20231006 17:11:09.940"/>
</kw>
<status status="PASS" starttime="20231006 17:11:09.910" endtime="20231006 17:11:09.940"/>
</kw>
<kw name="Finish Test" library="hooksCommons.page" type="TEARDOWN">
<kw name="Capture Page Screenshot" library="SeleniumLibrary">
<doc>Takes a screenshot of the current page and embeds it into a log file.</doc>
<msg timestamp="20231006 17:11:10.249" level="INFO" html="true">&lt;/td&gt;&lt;/tr&gt;&lt;tr&gt;&lt;td colspan="3"&gt;&lt;a href="selenium-screenshot-4.png"&gt;&lt;img src="selenium-screenshot-4.png" width="800px"&gt;&lt;/a&gt;</msg>
<status status="PASS" starttime="20231006 17:11:09.940" endtime="20231006 17:11:10.249"/>
</kw>
<kw name="Close Browser" library="SeleniumLibrary">
<doc>Closes the current browser.</doc>
<status status="PASS" starttime="20231006 17:11:10.251" endtime="20231006 17:11:12.463"/>
</kw>
<status status="PASS" starttime="20231006 17:11:09.940" endtime="20231006 17:11:12.463"/>
</kw>
<status status="PASS" starttime="20231006 17:10:59.830" endtime="20231006 17:11:12.463"/>
</test>
<status status="PASS" starttime="20231006 17:10:59.581" endtime="20231006 17:11:12.463"/>
</suite>
<statistics>
<total>
<stat pass="1" fail="0" skip="0">All Tests</stat>
</total>
<tag>
</tag>
<suite>
<stat pass="1" fail="0" skip="0" id="s1" name="searchPage.test">searchPage.test</stat>
</suite>
</statistics>
<errors>
</errors>
</robot>
